[main 95fac28] Update metrics 2026-02-07 23:25
 1 file changed, 37 insertions(+), 37 deletions(-)
To https://github.com/todayindefi/thbill-risk-info.git
   8c3fd21..95fac28  main -> main
Sat Feb  7 11:25:02 PM CST 2026: Pushed updated metrics
[main 1977c3e] Update metrics 2026-02-08 00:25
 1 file changed, 34 insertions(+), 34 deletions(-)
To https://github.com/todayindefi/thbill-risk-info.git
   95fac28..1977c3e  main -> main
Sun Feb  8 12:25:02 AM CST 2026: Pushed updated metrics
[main 26eb227] Update metrics 2026-02-08 01:25
 1 file changed, 33 insertions(+), 33 deletions(-)
To https://github.com/todayindefi/thbill-risk-info.git
   1977c3e..26eb227  main -> main
Sun Feb  8 01:25:02 AM CST 2026: Pushed updated metrics
[main 8bfe584] Update metrics 2026-02-08 02:25
 1 file changed, 36 insertions(+), 36 deletions(-)
To https://github.com/todayindefi/thbill-risk-info.git
   26eb227..8bfe584  main -> main
Sun Feb  8 02:25:02 AM CST 2026: Pushed updated metrics
[main 1a916f7] Update metrics 2026-02-08 03:25
 1 file changed, 30 insertions(+), 30 deletions(-)
To https://github.com/todayindefi/thbill-risk-info.git
   8bfe584..1a916f7  main -> main
Sun Feb  8 03:25:03 AM CST 2026: Pushed updated metrics
[main 2ef48eb] Update metrics 2026-02-08 04:25
 1 file changed, 28 insertions(+), 28 deletions(-)
To https://github.com/todayindefi/thbill-risk-info.git
   1a916f7..2ef48eb  main -> main
Sun Feb  8 04:25:03 AM CST 2026: Pushed updated metrics
[main e6cb3f6] Update metrics 2026-02-08 05:25
 1 file changed, 34 insertions(+), 34 deletions(-)
To https://github.com/todayindefi/thbill-risk-info.git
   2ef48eb..e6cb3f6  main -> main
Sun Feb  8 05:25:02 AM CST 2026: Pushed updated metrics
[main 6e0748d] Update metrics 2026-02-08 06:25
 1 file changed, 34 insertions(+), 34 deletions(-)
To https://github.com/todayindefi/thbill-risk-info.git
   e6cb3f6..6e0748d  main -> main
Sun Feb  8 06:25:02 AM CST 2026: Pushed updated metrics
[main 9e19420] Update metrics 2026-02-08 07:25
 1 file changed, 32 insertions(+), 32 deletions(-)
To https://github.com/todayindefi/thbill-risk-info.git
   6e0748d..9e19420  main -> main
Sun Feb  8 07:25:02 AM CST 2026: Pushed updated metrics
[main 962aa5e] Update metrics 2026-02-08 08:25
 1 file changed, 31 insertions(+), 31 deletions(-)
To https://github.com/todayindefi/thbill-risk-info.git
   9e19420..962aa5e  main -> main
Sun Feb  8 08:25:02 AM CST 2026: Pushed updated metrics
[main 0547b1f] Update metrics 2026-02-08 09:25
 1 file changed, 33 insertions(+), 33 deletions(-)
To https://github.com/todayindefi/thbill-risk-info.git
   962aa5e..0547b1f  main -> main
Sun Feb  8 09:25:02 AM CST 2026: Pushed updated metrics
[main c699f53] Update metrics 2026-02-08 10:25
 1 file changed, 23 insertions(+), 23 deletions(-)
To https://github.com/todayindefi/thbill-risk-info.git
   0547b1f..c699f53  main -> main
Sun Feb  8 10:25:03 AM CST 2026: Pushed updated metrics
[main 1be0d2d] Update metrics 2026-02-08 11:25
 1 file changed, 30 insertions(+), 30 deletions(-)
To https://github.com/todayindefi/thbill-risk-info.git
   c699f53..1be0d2d  main -> main
Sun Feb  8 11:25:02 AM CST 2026: Pushed updated metrics
[main b46495d] Update metrics 2026-02-08 12:25
 1 file changed, 27 insertions(+), 27 deletions(-)
To https://github.com/todayindefi/thbill-risk-info.git
   1be0d2d..b46495d  main -> main
Sun Feb  8 12:25:02 PM CST 2026: Pushed updated metrics
[main 3967ca8] Update metrics 2026-02-08 13:25
 1 file changed, 29 insertions(+), 29 deletions(-)
To https://github.com/todayindefi/thbill-risk-info.git
   b46495d..3967ca8  main -> main
Sun Feb  8 01:25:02 PM CST 2026: Pushed updated metrics
[main 55248c1] Update metrics 2026-02-08 14:25
 1 file changed, 31 insertions(+), 31 deletions(-)
To https://github.com/todayindefi/thbill-risk-info.git
   3967ca8..55248c1  main -> main
Sun Feb  8 02:25:02 PM CST 2026: Pushed updated metrics
[main f36f2cc] Update metrics 2026-02-08 15:25
 1 file changed, 31 insertions(+), 31 deletions(-)
To https://github.com/todayindefi/thbill-risk-info.git
   55248c1..f36f2cc  main -> main
Sun Feb  8 03:25:03 PM CST 2026: Pushed updated metrics
Sun Feb  8 04:25:01 PM CST 2026: No changes to push
[main b9022d9] Update metrics 2026-02-08 17:25
 1 file changed, 6 insertions(+), 6 deletions(-)
To https://github.com/todayindefi/thbill-risk-info.git
   d959c8c..b9022d9  main -> main
Sun Feb  8 05:25:02 PM CST 2026: Pushed updated metrics
[main 13584dc] Update metrics 2026-02-08 18:25
 2 files changed, 86 insertions(+), 36 deletions(-)
 create mode 100644 data/thbill_peg_history.json
To https://github.com/todayindefi/thbill-risk-info.git
   856d9b2..13584dc  main -> main
Sun Feb  8 06:25:02 PM CST 2026: Pushed updated metrics
[main 4d90b2c] Update metrics 2026-02-08 19:25
 2 files changed, 67 insertions(+), 61 deletions(-)
To https://github.com/todayindefi/thbill-risk-info.git
   13584dc..4d90b2c  main -> main
Sun Feb  8 07:25:02 PM CST 2026: Pushed updated metrics
[main fb3f2b0] Update metrics 2026-02-08 20:25
 2 files changed, 90 insertions(+), 84 deletions(-)
To https://github.com/todayindefi/thbill-risk-info.git
   4d90b2c..fb3f2b0  main -> main
Sun Feb  8 08:25:02 PM CST 2026: Pushed updated metrics
[main 58c2df5] Update metrics 2026-02-08 21:25
 2 files changed, 61 insertions(+), 68 deletions(-)
To https://github.com/todayindefi/thbill-risk-info.git
   fb3f2b0..58c2df5  main -> main
Sun Feb  8 09:25:02 PM CST 2026: Pushed updated metrics
